2023-02-10 06:06:10,377 [INFO] Activator:179 - 


2023-02-10 06:06:10,379 [INFO] Activator:180 - !SESSION log4j initialized
2023-02-10 06:06:15,670 [ERROR] ConfigurationRetriever:140 - IOException on connection: citools.st.com
2023-02-10 06:06:15,676 [ERROR] ConfigurationRetriever:140 - IOException on connection: citools.st.com
2023-02-10 06:06:15,678 [ERROR] ConfigurationRetriever:140 - IOException on connection: citools.st.com
2023-02-10 06:06:36,194 [ERROR] LogOutputStream:74 - [STDERR_REDIRECT] SLF4J: Failed to load class "org.slf4j.impl.StaticLoggerBinder".
2023-02-10 06:06:36,195 [ERROR] LogOutputStream:74 - [STDERR_REDIRECT] SLF4J: Defaulting to no-operation (NOP) logger implementation
2023-02-10 06:06:36,196 [ERROR] LogOutputStream:74 - [STDERR_REDIRECT] SLF4J: See http://www.slf4j.org/codes.html#StaticLoggerBinder for further details.
2023-02-10 06:09:19,543 [ERROR] ConfigurationRetriever:140 - IOException on connection: citools.st.com
2023-02-10 06:09:19,582 [ERROR] ConfigurationRetriever:140 - IOException on connection: citools.st.com
2023-02-10 06:09:19,582 [ERROR] ConfigurationRetriever:140 - IOException on connection: citools.st.com
2023-02-10 06:26:46,646 [INFO] Activator:179 - 


2023-02-10 06:26:46,648 [INFO] Activator:180 - !SESSION log4j initialized
2023-02-10 06:26:51,251 [ERROR] ConfigurationRetriever:140 - IOException on connection: citools.st.com
2023-02-10 06:26:51,263 [ERROR] ConfigurationRetriever:140 - IOException on connection: citools.st.com
2023-02-10 06:26:51,266 [ERROR] ConfigurationRetriever:140 - IOException on connection: citools.st.com
2023-02-10 06:27:12,205 [ERROR] LogOutputStream:74 - [STDERR_REDIRECT] SLF4J: Failed to load class "org.slf4j.impl.StaticLoggerBinder".
2023-02-10 06:27:12,207 [ERROR] LogOutputStream:74 - [STDERR_REDIRECT] SLF4J: Defaulting to no-operation (NOP) logger implementation
2023-02-10 06:27:12,208 [ERROR] LogOutputStream:74 - [STDERR_REDIRECT] SLF4J: See http://www.slf4j.org/codes.html#StaticLoggerBinder for further details.
2023-02-10 06:40:10,657 [ERROR] LogOutputStream:74 - [STDERR_REDIRECT] java.lang.StringIndexOutOfBoundsException: begin 0, end -1, length 0
2023-02-10 06:40:10,659 [ERROR] LogOutputStream:74 - [STDERR_REDIRECT] 	at java.base/java.lang.String.checkBoundsBeginEnd(String.java:3319)
2023-02-10 06:40:10,660 [ERROR] LogOutputStream:74 - [STDERR_REDIRECT] 	at java.base/java.lang.String.substring(String.java:1874)
2023-02-10 06:40:10,660 [ERROR] LogOutputStream:74 - [STDERR_REDIRECT] 	at com.st.stm32cube.ide.mcu.utils.assembly.InstructionRecord.calcJumpInstructionDirect(InstructionRecord.java:201)
2023-02-10 06:40:10,661 [ERROR] LogOutputStream:74 - [STDERR_REDIRECT] 	at com.st.stm32cube.ide.mcu.utils.assembly.InstructionRecord.isJumpInstructionDirect(InstructionRecord.java:159)
2023-02-10 06:40:10,662 [ERROR] LogOutputStream:74 - [STDERR_REDIRECT] 	at com.st.stm32cube.ide.mcu.stackanalyzer.model.CallGraph.fromInstructions(CallGraph.java:65)
2023-02-10 06:40:10,662 [ERROR] LogOutputStream:74 - [STDERR_REDIRECT] 	at com.st.stm32cube.ide.mcu.stackanalyzer.ui.StackAnalyzerView.inputChanged(StackAnalyzerView.java:927)
2023-02-10 06:40:10,663 [ERROR] LogOutputStream:74 - [STDERR_REDIRECT] 	at com.st.stm32cube.ide.mcu.stackanalyzer.ui.StackAnalyzerView.lambda$15(StackAnalyzerView.java:1263)
2023-02-10 06:40:10,664 [ERROR] LogOutputStream:74 - [STDERR_REDIRECT] 	at java.base/java.lang.Thread.run(Thread.java:829)
2023-02-10 06:40:10,665 [ERROR] LogOutputStream:74 - [STDERR_REDIRECT] java.lang.StringIndexOutOfBoundsException: begin 0, end -1, length 0
2023-02-10 06:40:10,665 [ERROR] LogOutputStream:74 - [STDERR_REDIRECT] 	at java.base/java.lang.String.checkBoundsBeginEnd(String.java:3319)
2023-02-10 06:40:10,665 [ERROR] LogOutputStream:74 - [STDERR_REDIRECT] 	at java.base/java.lang.String.substring(String.java:1874)
2023-02-10 06:40:10,666 [ERROR] LogOutputStream:74 - [STDERR_REDIRECT] 	at com.st.stm32cube.ide.mcu.utils.assembly.InstructionRecord.calcJumpInstructionDirect(InstructionRecord.java:201)
2023-02-10 06:40:10,666 [ERROR] LogOutputStream:74 - [STDERR_REDIRECT] 	at com.st.stm32cube.ide.mcu.utils.assembly.InstructionRecord.isJumpInstructionDirect(InstructionRecord.java:159)
2023-02-10 06:40:10,667 [ERROR] LogOutputStream:74 - [STDERR_REDIRECT] 	at com.st.stm32cube.ide.mcu.stackanalyzer.model.CallGraph.fromInstructions(CallGraph.java:65)
2023-02-10 06:40:10,667 [ERROR] LogOutputStream:74 - [STDERR_REDIRECT] 	at com.st.stm32cube.ide.mcu.stackanalyzer.ui.StackAnalyzerView.inputChanged(StackAnalyzerView.java:927)
2023-02-10 06:40:10,668 [ERROR] LogOutputStream:74 - [STDERR_REDIRECT] 	at com.st.stm32cube.ide.mcu.stackanalyzer.ui.StackAnalyzerView.lambda$15(StackAnalyzerView.java:1263)
2023-02-10 06:40:10,668 [ERROR] LogOutputStream:74 - [STDERR_REDIRECT] 	at java.base/java.lang.Thread.run(Thread.java:829)
2023-02-10 06:40:10,669 [ERROR] LogOutputStream:74 - [STDERR_REDIRECT] java.lang.StringIndexOutOfBoundsException: begin 0, end -1, length 0
2023-02-10 06:40:10,669 [ERROR] LogOutputStream:74 - [STDERR_REDIRECT] 	at java.base/java.lang.String.checkBoundsBeginEnd(String.java:3319)
2023-02-10 06:40:10,670 [ERROR] LogOutputStream:74 - [STDERR_REDIRECT] 	at java.base/java.lang.String.substring(String.java:1874)
2023-02-10 06:40:10,670 [ERROR] LogOutputStream:74 - [STDERR_REDIRECT] 	at com.st.stm32cube.ide.mcu.utils.assembly.InstructionRecord.calcJumpInstructionDirect(InstructionRecord.java:201)
2023-02-10 06:40:10,671 [ERROR] LogOutputStream:74 - [STDERR_REDIRECT] 	at com.st.stm32cube.ide.mcu.utils.assembly.InstructionRecord.isJumpInstructionDirect(InstructionRecord.java:159)
2023-02-10 06:40:10,671 [ERROR] LogOutputStream:74 - [STDERR_REDIRECT] 	at com.st.stm32cube.ide.mcu.stackanalyzer.model.CallGraph.fromInstructions(CallGraph.java:65)
2023-02-10 06:40:10,671 [ERROR] LogOutputStream:74 - [STDERR_REDIRECT] 	at com.st.stm32cube.ide.mcu.stackanalyzer.ui.StackAnalyzerView.inputChanged(StackAnalyzerView.java:927)
2023-02-10 06:40:10,672 [ERROR] LogOutputStream:74 - [STDERR_REDIRECT] 	at com.st.stm32cube.ide.mcu.stackanalyzer.ui.StackAnalyzerView.lambda$15(StackAnalyzerView.java:1263)
2023-02-10 06:40:10,672 [ERROR] LogOutputStream:74 - [STDERR_REDIRECT] 	at java.base/java.lang.Thread.run(Thread.java:829)
2023-02-10 06:40:10,673 [ERROR] LogOutputStream:74 - [STDERR_REDIRECT] java.lang.StringIndexOutOfBoundsException: begin 0, end -1, length 0
2023-02-10 06:40:10,673 [ERROR] LogOutputStream:74 - [STDERR_REDIRECT] 	at java.base/java.lang.String.checkBoundsBeginEnd(String.java:3319)
2023-02-10 06:40:10,674 [ERROR] LogOutputStream:74 - [STDERR_REDIRECT] 	at java.base/java.lang.String.substring(String.java:1874)
2023-02-10 06:40:10,674 [ERROR] LogOutputStream:74 - [STDERR_REDIRECT] 	at com.st.stm32cube.ide.mcu.utils.assembly.InstructionRecord.calcJumpInstructionDirect(InstructionRecord.java:201)
2023-02-10 06:40:10,674 [ERROR] LogOutputStream:74 - [STDERR_REDIRECT] 	at com.st.stm32cube.ide.mcu.utils.assembly.InstructionRecord.isJumpInstructionDirect(InstructionRecord.java:159)
2023-02-10 06:40:10,675 [ERROR] LogOutputStream:74 - [STDERR_REDIRECT] 	at com.st.stm32cube.ide.mcu.stackanalyzer.model.CallGraph.fromInstructions(CallGraph.java:65)
2023-02-10 06:40:10,675 [ERROR] LogOutputStream:74 - [STDERR_REDIRECT] 	at com.st.stm32cube.ide.mcu.stackanalyzer.ui.StackAnalyzerView.inputChanged(StackAnalyzerView.java:927)
2023-02-10 06:40:10,676 [ERROR] LogOutputStream:74 - [STDERR_REDIRECT] 	at com.st.stm32cube.ide.mcu.stackanalyzer.ui.StackAnalyzerView.lambda$15(StackAnalyzerView.java:1263)
2023-02-10 06:40:10,676 [ERROR] LogOutputStream:74 - [STDERR_REDIRECT] 	at java.base/java.lang.Thread.run(Thread.java:829)
2023-02-10 06:40:10,677 [ERROR] LogOutputStream:74 - [STDERR_REDIRECT] java.lang.StringIndexOutOfBoundsException: begin 0, end -1, length 0
2023-02-10 06:40:10,677 [ERROR] LogOutputStream:74 - [STDERR_REDIRECT] 	at java.base/java.lang.String.checkBoundsBeginEnd(String.java:3319)
2023-02-10 06:40:10,677 [ERROR] LogOutputStream:74 - [STDERR_REDIRECT] 	at java.base/java.lang.String.substring(String.java:1874)
2023-02-10 06:40:10,678 [ERROR] LogOutputStream:74 - [STDERR_REDIRECT] 	at com.st.stm32cube.ide.mcu.utils.assembly.InstructionRecord.calcJumpInstructionDirect(InstructionRecord.java:201)
2023-02-10 06:40:10,678 [ERROR] LogOutputStream:74 - [STDERR_REDIRECT] 	at com.st.stm32cube.ide.mcu.utils.assembly.InstructionRecord.isJumpInstructionDirect(InstructionRecord.java:159)
2023-02-10 06:40:10,679 [ERROR] LogOutputStream:74 - [STDERR_REDIRECT] 	at com.st.stm32cube.ide.mcu.stackanalyzer.model.CallGraph.fromInstructions(CallGraph.java:65)
2023-02-10 06:40:10,679 [ERROR] LogOutputStream:74 - [STDERR_REDIRECT] 	at com.st.stm32cube.ide.mcu.stackanalyzer.ui.StackAnalyzerView.inputChanged(StackAnalyzerView.java:927)
2023-02-10 06:40:10,680 [ERROR] LogOutputStream:74 - [STDERR_REDIRECT] 	at com.st.stm32cube.ide.mcu.stackanalyzer.ui.StackAnalyzerView.lambda$15(StackAnalyzerView.java:1263)
2023-02-10 06:40:10,680 [ERROR] LogOutputStream:74 - [STDERR_REDIRECT] 	at java.base/java.lang.Thread.run(Thread.java:829)
2023-02-10 06:40:10,680 [ERROR] LogOutputStream:74 - [STDERR_REDIRECT] java.lang.StringIndexOutOfBoundsException: begin 0, end -1, length 0
2023-02-10 06:40:10,681 [ERROR] LogOutputStream:74 - [STDERR_REDIRECT] 	at java.base/java.lang.String.checkBoundsBeginEnd(String.java:3319)
2023-02-10 06:40:10,681 [ERROR] LogOutputStream:74 - [STDERR_REDIRECT] 	at java.base/java.lang.String.substring(String.java:1874)
2023-02-10 06:40:10,682 [ERROR] LogOutputStream:74 - [STDERR_REDIRECT] 	at com.st.stm32cube.ide.mcu.utils.assembly.InstructionRecord.calcJumpInstructionDirect(InstructionRecord.java:201)
2023-02-10 06:40:10,682 [ERROR] LogOutputStream:74 - [STDERR_REDIRECT] 	at com.st.stm32cube.ide.mcu.utils.assembly.InstructionRecord.isJumpInstructionDirect(InstructionRecord.java:159)
2023-02-10 06:40:10,682 [ERROR] LogOutputStream:74 - [STDERR_REDIRECT] 	at com.st.stm32cube.ide.mcu.stackanalyzer.model.CallGraph.fromInstructions(CallGraph.java:65)
2023-02-10 06:40:10,683 [ERROR] LogOutputStream:74 - [STDERR_REDIRECT] 	at com.st.stm32cube.ide.mcu.stackanalyzer.ui.StackAnalyzerView.inputChanged(StackAnalyzerView.java:927)
2023-02-10 06:40:10,683 [ERROR] LogOutputStream:74 - [STDERR_REDIRECT] 	at com.st.stm32cube.ide.mcu.stackanalyzer.ui.StackAnalyzerView.lambda$15(StackAnalyzerView.java:1263)
2023-02-10 06:40:10,683 [ERROR] LogOutputStream:74 - [STDERR_REDIRECT] 	at java.base/java.lang.Thread.run(Thread.java:829)
2023-02-10 06:40:10,684 [ERROR] LogOutputStream:74 - [STDERR_REDIRECT] java.lang.StringIndexOutOfBoundsException: begin 0, end -1, length 0
2023-02-10 06:40:10,684 [ERROR] LogOutputStream:74 - [STDERR_REDIRECT] 	at java.base/java.lang.String.checkBoundsBeginEnd(String.java:3319)
2023-02-10 06:40:10,685 [ERROR] LogOutputStream:74 - [STDERR_REDIRECT] 	at java.base/java.lang.String.substring(String.java:1874)
2023-02-10 06:40:10,685 [ERROR] LogOutputStream:74 - [STDERR_REDIRECT] 	at com.st.stm32cube.ide.mcu.utils.assembly.InstructionRecord.calcJumpInstructionDirect(InstructionRecord.java:201)
2023-02-10 06:40:10,685 [ERROR] LogOutputStream:74 - [STDERR_REDIRECT] 	at com.st.stm32cube.ide.mcu.utils.assembly.InstructionRecord.isJumpInstructionDirect(InstructionRecord.java:159)
2023-02-10 06:40:10,686 [ERROR] LogOutputStream:74 - [STDERR_REDIRECT] 	at com.st.stm32cube.ide.mcu.stackanalyzer.model.CallGraph.fromInstructions(CallGraph.java:65)
2023-02-10 06:40:10,686 [ERROR] LogOutputStream:74 - [STDERR_REDIRECT] 	at com.st.stm32cube.ide.mcu.stackanalyzer.ui.StackAnalyzerView.inputChanged(StackAnalyzerView.java:927)
2023-02-10 06:40:10,686 [ERROR] LogOutputStream:74 - [STDERR_REDIRECT] 	at com.st.stm32cube.ide.mcu.stackanalyzer.ui.StackAnalyzerView.lambda$15(StackAnalyzerView.java:1263)
2023-02-10 06:40:10,686 [ERROR] LogOutputStream:74 - [STDERR_REDIRECT] 	at java.base/java.lang.Thread.run(Thread.java:829)
2023-02-10 06:40:10,687 [ERROR] LogOutputStream:74 - [STDERR_REDIRECT] java.lang.StringIndexOutOfBoundsException: begin 0, end -1, length 0
2023-02-10 06:40:10,687 [ERROR] LogOutputStream:74 - [STDERR_REDIRECT] 	at java.base/java.lang.String.checkBoundsBeginEnd(String.java:3319)
2023-02-10 06:40:10,687 [ERROR] LogOutputStream:74 - [STDERR_REDIRECT] 	at java.base/java.lang.String.substring(String.java:1874)
2023-02-10 06:40:10,688 [ERROR] LogOutputStream:74 - [STDERR_REDIRECT] 	at com.st.stm32cube.ide.mcu.utils.assembly.InstructionRecord.calcJumpInstructionDirect(InstructionRecord.java:201)
2023-02-10 06:40:10,688 [ERROR] LogOutputStream:74 - [STDERR_REDIRECT] 	at com.st.stm32cube.ide.mcu.utils.assembly.InstructionRecord.isJumpInstructionDirect(InstructionRecord.java:159)
2023-02-10 06:40:10,688 [ERROR] LogOutputStream:74 - [STDERR_REDIRECT] 	at com.st.stm32cube.ide.mcu.stackanalyzer.model.CallGraph.fromInstructions(CallGraph.java:65)
2023-02-10 06:40:10,688 [ERROR] LogOutputStream:74 - [STDERR_REDIRECT] 	at com.st.stm32cube.ide.mcu.stackanalyzer.ui.StackAnalyzerView.inputChanged(StackAnalyzerView.java:927)
2023-02-10 06:40:10,689 [ERROR] LogOutputStream:74 - [STDERR_REDIRECT] 	at com.st.stm32cube.ide.mcu.stackanalyzer.ui.StackAnalyzerView.lambda$15(StackAnalyzerView.java:1263)
2023-02-10 06:40:10,689 [ERROR] LogOutputStream:74 - [STDERR_REDIRECT] 	at java.base/java.lang.Thread.run(Thread.java:829)
2023-02-10 06:40:10,689 [ERROR] LogOutputStream:74 - [STDERR_REDIRECT] java.lang.StringIndexOutOfBoundsException: begin 0, end -1, length 0
2023-02-10 06:40:10,690 [ERROR] LogOutputStream:74 - [STDERR_REDIRECT] 	at java.base/java.lang.String.checkBoundsBeginEnd(String.java:3319)
2023-02-10 06:40:10,690 [ERROR] LogOutputStream:74 - [STDERR_REDIRECT] 	at java.base/java.lang.String.substring(String.java:1874)
2023-02-10 06:40:10,690 [ERROR] LogOutputStream:74 - [STDERR_REDIRECT] 	at com.st.stm32cube.ide.mcu.utils.assembly.InstructionRecord.calcJumpInstructionDirect(InstructionRecord.java:201)
2023-02-10 06:40:10,690 [ERROR] LogOutputStream:74 - [STDERR_REDIRECT] 	at com.st.stm32cube.ide.mcu.utils.assembly.InstructionRecord.isJumpInstructionDirect(InstructionRecord.java:159)
2023-02-10 06:40:10,691 [ERROR] LogOutputStream:74 - [STDERR_REDIRECT] 	at com.st.stm32cube.ide.mcu.stackanalyzer.model.CallGraph.fromInstructions(CallGraph.java:65)
2023-02-10 06:40:10,691 [ERROR] LogOutputStream:74 - [STDERR_REDIRECT] 	at com.st.stm32cube.ide.mcu.stackanalyzer.ui.StackAnalyzerView.inputChanged(StackAnalyzerView.java:927)
2023-02-10 06:40:10,691 [ERROR] LogOutputStream:74 - [STDERR_REDIRECT] 	at com.st.stm32cube.ide.mcu.stackanalyzer.ui.StackAnalyzerView.lambda$15(StackAnalyzerView.java:1263)
2023-02-10 06:40:10,692 [ERROR] LogOutputStream:74 - [STDERR_REDIRECT] 	at java.base/java.lang.Thread.run(Thread.java:829)
2023-02-10 06:40:10,692 [ERROR] LogOutputStream:74 - [STDERR_REDIRECT] java.lang.StringIndexOutOfBoundsException: begin 0, end -1, length 0
2023-02-10 06:40:10,692 [ERROR] LogOutputStream:74 - [STDERR_REDIRECT] 	at java.base/java.lang.String.checkBoundsBeginEnd(String.java:3319)
2023-02-10 06:40:10,692 [ERROR] LogOutputStream:74 - [STDERR_REDIRECT] 	at java.base/java.lang.String.substring(String.java:1874)
2023-02-10 06:40:10,693 [ERROR] LogOutputStream:74 - [STDERR_REDIRECT] 	at com.st.stm32cube.ide.mcu.utils.assembly.InstructionRecord.calcJumpInstructionDirect(InstructionRecord.java:201)
2023-02-10 06:40:10,693 [ERROR] LogOutputStream:74 - [STDERR_REDIRECT] 	at com.st.stm32cube.ide.mcu.utils.assembly.InstructionRecord.isJumpInstructionDirect(InstructionRecord.java:159)
2023-02-10 06:40:10,693 [ERROR] LogOutputStream:74 - [STDERR_REDIRECT] 	at com.st.stm32cube.ide.mcu.stackanalyzer.model.CallGraph.fromInstructions(CallGraph.java:65)
2023-02-10 06:40:10,693 [ERROR] LogOutputStream:74 - [STDERR_REDIRECT] 	at com.st.stm32cube.ide.mcu.stackanalyzer.ui.StackAnalyzerView.inputChanged(StackAnalyzerView.java:927)
2023-02-10 06:40:10,694 [ERROR] LogOutputStream:74 - [STDERR_REDIRECT] 	at com.st.stm32cube.ide.mcu.stackanalyzer.ui.StackAnalyzerView.lambda$15(StackAnalyzerView.java:1263)
2023-02-10 06:40:10,694 [ERROR] LogOutputStream:74 - [STDERR_REDIRECT] 	at java.base/java.lang.Thread.run(Thread.java:829)
2023-02-10 06:44:28,029 [ERROR] ConfigurationRetriever:140 - IOException on connection: citools.st.com
2023-02-10 06:44:28,031 [ERROR] ConfigurationRetriever:140 - IOException on connection: citools.st.com
2023-02-10 06:44:28,033 [ERROR] ConfigurationRetriever:140 - IOException on connection: citools.st.com
